2025-04-01 11:52:26.861 +05:30 [INF] RabbitMQ Consumer started. Waiting for messages...
2025-04-01 11:52:27.762 +05:30 [INF] Now listening on: https://localhost:7291
2025-04-01 11:52:27.764 +05:30 [INF] Now listening on: http://localhost:5292
2025-04-01 11:52:27.931 +05:30 [INF] Application started. Press Ctrl+C to shut down.
2025-04-01 11:52:27.932 +05:30 [INF] Hosting environment: Development
2025-04-01 11:52:27.942 +05:30 [INF] Content root path: C:\Users\Sriram.s\Documents\GitHub\Parse-Message\Parse Message API
2025-04-01 11:52:29.508 +05:30 [INF] Request starting HTTP/2 GET https://localhost:7291/swagger/index.html - null null
2025-04-01 11:52:29.971 +05:30 [INF] Request finished HTTP/2 GET https://localhost:7291/swagger/index.html - 200 null text/html;charset=utf-8 473.0973ms
2025-04-01 11:52:30.078 +05:30 [INF] Request starting HTTP/2 GET https://localhost:7291/_framework/aspnetcore-browser-refresh.js - null null
2025-04-01 11:52:30.095 +05:30 [INF] Request finished HTTP/2 GET https://localhost:7291/_framework/aspnetcore-browser-refresh.js - 200 13786 application/javascript; charset=utf-8 16.261ms
2025-04-01 11:52:30.099 +05:30 [INF] Request starting HTTP/2 GET https://localhost:7291/_vs/browserLink - null null
2025-04-01 11:52:30.229 +05:30 [INF] Request finished HTTP/2 GET https://localhost:7291/_vs/browserLink - 200 null text/javascript; charset=UTF-8 130.1447ms
2025-04-01 11:52:30.590 +05:30 [INF] Request starting HTTP/2 GET https://localhost:7291/swagger/v1/swagger.json - null null
2025-04-01 11:52:30.620 +05:30 [INF] Request finished HTTP/2 GET https://localhost:7291/swagger/v1/swagger.json - 200 null application/json;charset=utf-8 29.3648ms
2025-04-01 11:53:06.013 +05:30 [INF] Request starting HTTP/2 GET https://localhost:7291/api/DB/fetch?sql=SELECT%20%2A - null null
2025-04-01 11:53:06.036 +05:30 [INF] Executing endpoint 'Parse_Message_API.Controllers.DBController.FetchData (Parse Message API)'
2025-04-01 11:53:06.131 +05:30 [INF] Route matched with {action = "FetchData", controller = "DB"}. Executing controller action with signature System.Threading.Tasks.Task`1[Microsoft.AspNetCore.Mvc.IActionResult] FetchData(System.String) on controller Parse_Message_API.Controllers.DBController (Parse Message API).
2025-04-01 11:55:46.778 +05:30 [INF] RabbitMQ Consumer started. Waiting for messages...
2025-04-01 11:55:47.179 +05:30 [INF] Now listening on: https://localhost:7291
2025-04-01 11:55:47.180 +05:30 [INF] Now listening on: http://localhost:5292
2025-04-01 11:55:47.284 +05:30 [INF] Application started. Press Ctrl+C to shut down.
2025-04-01 11:55:47.285 +05:30 [INF] Hosting environment: Development
2025-04-01 11:55:47.285 +05:30 [INF] Content root path: C:\Users\Sriram.s\Documents\GitHub\Parse-Message\Parse Message API
2025-04-01 11:55:47.868 +05:30 [INF] Request starting HTTP/2 GET https://localhost:7291/swagger/index.html - null null
2025-04-01 11:55:48.136 +05:30 [INF] Request finished HTTP/2 GET https://localhost:7291/swagger/index.html - 200 null text/html;charset=utf-8 270.8953ms
2025-04-01 11:55:48.166 +05:30 [INF] Request starting HTTP/2 GET https://localhost:7291/_framework/aspnetcore-browser-refresh.js - null null
2025-04-01 11:55:48.166 +05:30 [INF] Request starting HTTP/2 GET https://localhost:7291/_vs/browserLink - null null
2025-04-01 11:55:48.176 +05:30 [INF] Request finished HTTP/2 GET https://localhost:7291/_framework/aspnetcore-browser-refresh.js - 200 13786 application/javascript; charset=utf-8 10.2863ms
2025-04-01 11:55:48.225 +05:30 [INF] Request finished HTTP/2 GET https://localhost:7291/_vs/browserLink - 200 null text/javascript; charset=UTF-8 59.2204ms
2025-04-01 11:55:48.544 +05:30 [INF] Request starting HTTP/2 GET https://localhost:7291/swagger/v1/swagger.json - null null
2025-04-01 11:55:48.570 +05:30 [INF] Request finished HTTP/2 GET https://localhost:7291/swagger/v1/swagger.json - 200 null application/json;charset=utf-8 25.8741ms
2025-04-01 11:56:05.052 +05:30 [INF] Request starting HTTP/2 GET https://localhost:7291/api/DB/fetch?sql=SELECT%20%2A - null null
2025-04-01 11:56:05.073 +05:30 [INF] Executing endpoint 'Parse_Message_API.Controllers.DBController.FetchData (Parse Message API)'
2025-04-01 11:56:05.157 +05:30 [INF] Route matched with {action = "FetchData", controller = "DB"}. Executing controller action with signature System.Threading.Tasks.Task`1[Microsoft.AspNetCore.Mvc.IActionResult] FetchData(System.String) on controller Parse_Message_API.Controllers.DBController (Parse Message API).
2025-04-01 12:11:02.624 +05:30 [INF] RabbitMQ Consumer started. Waiting for messages...
2025-04-01 12:11:03.342 +05:30 [INF] Now listening on: https://localhost:7291
2025-04-01 12:11:03.343 +05:30 [INF] Now listening on: http://localhost:5292
2025-04-01 12:11:03.444 +05:30 [INF] Application started. Press Ctrl+C to shut down.
2025-04-01 12:11:03.444 +05:30 [INF] Hosting environment: Development
2025-04-01 12:11:03.445 +05:30 [INF] Content root path: C:\Users\Sriram.s\Documents\GitHub\Parse-Message\Parse Message API
2025-04-01 12:11:04.256 +05:30 [INF] Request starting HTTP/2 GET https://localhost:7291/swagger/index.html - null null
2025-04-01 12:11:04.679 +05:30 [INF] Request finished HTTP/2 GET https://localhost:7291/swagger/index.html - 200 null text/html;charset=utf-8 431.3509ms
2025-04-01 12:11:04.703 +05:30 [INF] Request starting HTTP/2 GET https://localhost:7291/_framework/aspnetcore-browser-refresh.js - null null
2025-04-01 12:11:04.711 +05:30 [INF] Request starting HTTP/2 GET https://localhost:7291/_vs/browserLink - null null
2025-04-01 12:11:04.743 +05:30 [INF] Request finished HTTP/2 GET https://localhost:7291/_framework/aspnetcore-browser-refresh.js - 200 13786 application/javascript; charset=utf-8 39.8731ms
2025-04-01 12:11:04.893 +05:30 [INF] Request finished HTTP/2 GET https://localhost:7291/_vs/browserLink - 200 null text/javascript; charset=UTF-8 181.7412ms
2025-04-01 12:11:05.174 +05:30 [INF] Request starting HTTP/2 GET https://localhost:7291/swagger/v1/swagger.json - null null
2025-04-01 12:11:05.205 +05:30 [INF] Request finished HTTP/2 GET https://localhost:7291/swagger/v1/swagger.json - 200 null application/json;charset=utf-8 30.6298ms
2025-04-01 12:11:08.850 +05:30 [INF] Request starting HTTP/2 GET https://localhost:7291/api/DB/fetch?sql=SELECT%20%2A - null null
2025-04-01 12:11:08.869 +05:30 [INF] Executing endpoint 'Parse_Message_API.Controllers.DBController.FetchData (Parse Message API)'
2025-04-01 12:11:08.946 +05:30 [INF] Route matched with {action = "FetchData", controller = "DB"}. Executing controller action with signature System.Threading.Tasks.Task`1[Microsoft.AspNetCore.Mvc.IActionResult] FetchData(System.String) on controller Parse_Message_API.Controllers.DBController (Parse Message API).
2025-04-01 12:32:02.403 +05:30 [INF] RabbitMQ Consumer started. Waiting for messages...
2025-04-01 12:32:03.313 +05:30 [INF] Now listening on: https://localhost:7291
2025-04-01 12:32:03.315 +05:30 [INF] Now listening on: http://localhost:5292
2025-04-01 12:32:03.461 +05:30 [INF] Application started. Press Ctrl+C to shut down.
2025-04-01 12:32:03.462 +05:30 [INF] Hosting environment: Development
2025-04-01 12:32:03.462 +05:30 [INF] Content root path: C:\Users\Sriram.s\Documents\GitHub\Parse-Message\Parse Message API
2025-04-01 12:32:03.830 +05:30 [INF] Request starting HTTP/2 GET https://localhost:7291/swagger/index.html - null null
2025-04-01 12:32:04.408 +05:30 [INF] Request finished HTTP/2 GET https://localhost:7291/swagger/index.html - 200 null text/html;charset=utf-8 597.5532ms
2025-04-01 12:32:04.464 +05:30 [INF] Request starting HTTP/2 GET https://localhost:7291/_framework/aspnetcore-browser-refresh.js - null null
2025-04-01 12:32:04.465 +05:30 [INF] Request starting HTTP/2 GET https://localhost:7291/_vs/browserLink - null null
2025-04-01 12:32:04.475 +05:30 [INF] Request finished HTTP/2 GET https://localhost:7291/_framework/aspnetcore-browser-refresh.js - 200 13786 application/javascript; charset=utf-8 11.1522ms
2025-04-01 12:32:04.536 +05:30 [INF] Request finished HTTP/2 GET https://localhost:7291/_vs/browserLink - 200 null text/javascript; charset=UTF-8 70.2496ms
2025-04-01 12:32:04.860 +05:30 [INF] Request starting HTTP/2 GET https://localhost:7291/swagger/v1/swagger.json - null null
2025-04-01 12:32:04.880 +05:30 [INF] Request finished HTTP/2 GET https://localhost:7291/swagger/v1/swagger.json - 200 null application/json;charset=utf-8 19.9087ms
2025-04-01 12:32:36.190 +05:30 [INF] Request starting HTTP/2 GET https://localhost:7291/api/DB/fetch?sql=SELECT%20%2A - null null
2025-04-01 12:32:36.207 +05:30 [INF] Executing endpoint 'Parse_Message_API.Controllers.DBController.FetchData (Parse Message API)'
2025-04-01 12:32:36.257 +05:30 [INF] Route matched with {action = "FetchData", controller = "DB"}. Executing controller action with signature System.Threading.Tasks.Task`1[Microsoft.AspNetCore.Mvc.IActionResult] FetchData(System.String) on controller Parse_Message_API.Controllers.DBController (Parse Message API).
